<?xml version="1.0" encoding="UTF-8"?>
<testng-results ignored="0" total="3" passed="2" failed="1" skipped="0">
  <reporter-output>
  </reporter-output>
  <suite started-at="2023-10-08T18:30:42 IST" name="OpenCartSuite" finished-at="2023-10-08T18:31:36 IST" duration-ms="53989">
    <groups>
      <group name="Master">
        <method signature="TC_001_AccountRegistrationTest.test_account_Registration()[pri:0, instance:testCases.Register.TC_001_AccountRegistrationTest@543295b0]" name="test_account_Registration" class="testCases.Register.TC_001_AccountRegistrationTest"/>
        <method signature="TC_002_LoginTest.test_login()[pri:0, instance:testCases.login.TC_002_LoginTest@58cbafc2]" name="test_login" class="testCases.login.TC_002_LoginTest"/>
      </group> <!-- Master -->
      <group name="Sanity">
        <method signature="TC_002_LoginTest.test_login()[pri:0, instance:testCases.login.TC_002_LoginTest@58cbafc2]" name="test_login" class="testCases.login.TC_002_LoginTest"/>
      </group> <!-- Sanity -->
      <group name="Regression">
        <method signature="TC_001_AccountRegistrationTest.test_account_Registration()[pri:0, instance:testCases.Register.TC_001_AccountRegistrationTest@543295b0]" name="test_account_Registration" class="testCases.Register.TC_001_AccountRegistrationTest"/>
      </group> <!-- Regression -->
    </groups>
    <test started-at="2023-10-08T18:30:42 IST" name="OpencartTest" finished-at="2023-10-08T18:31:36 IST" duration-ms="53989">
      <class name="testCases.Register.TC_001_AccountRegistrationTest">
        <test-method is-config="true" signature="setup()[pri:0, instance:testCases.Register.TC_001_AccountRegistrationTest@543295b0]" started-at="2023-10-08T18:30:43 IST" name="setup" finished-at="2023-10-08T18:30:53 IST" duration-ms="10388" status="PASS">
          <reporter-output>
          </reporter-output>
        </test-method> <!-- setup -->
        <test-method signature="test_account_Registration()[pri:0, instance:testCases.Register.TC_001_AccountRegistrationTest@543295b0]" started-at="2023-10-08T18:30:53 IST" name="test_account_Registration" finished-at="2023-10-08T18:31:02 IST" duration-ms="8732" status="PASS">
          <reporter-output>
          </reporter-output>
        </test-method> <!-- test_account_Registration -->
        <test-method is-config="true" signature="teardown()[pri:0, instance:testCases.Register.TC_001_AccountRegistrationTest@543295b0]" started-at="2023-10-08T18:31:02 IST" name="teardown" finished-at="2023-10-08T18:31:03 IST" duration-ms="906" status="PASS">
          <reporter-output>
          </reporter-output>
        </test-method> <!-- teardown -->
      </class> <!-- testCases.Register.TC_001_AccountRegistrationTest -->
      <class name="testCases.login.TC_002_LoginTest">
        <test-method is-config="true" signature="setup()[pri:0, instance:testCases.login.TC_002_LoginTest@58cbafc2]" started-at="2023-10-08T18:31:03 IST" name="setup" finished-at="2023-10-08T18:31:10 IST" duration-ms="7157" status="PASS">
          <reporter-output>
          </reporter-output>
        </test-method> <!-- setup -->
        <test-method signature="test_login()[pri:0, instance:testCases.login.TC_002_LoginTest@58cbafc2]" started-at="2023-10-08T18:31:10 IST" name="test_login" finished-at="2023-10-08T18:31:24 IST" duration-ms="13760" status="FAIL">
          <exception class="java.lang.AssertionError">
            <message>
              <![CDATA[Invalid login data expected [true] but found [false]]]>
            </message>
            <full-stacktrace>
              <![CDATA[java.lang.AssertionError: Invalid login data expected [true] but found [false]
at org.testng.Assert.fail(Assert.java:110)
at org.testng.Assert.failNotEquals(Assert.java:1577)
at org.testng.Assert.assertEqualsImpl(Assert.java:149)
at org.testng.Assert.assertEquals(Assert.java:131)
at org.testng.Assert.assertEquals(Assert.java:1066)
at org.testng.Assert.assertEquals(Assert.java:1030)
at testCases.login.TC_002_LoginTest.test_login(TC_002_LoginTest.java:38)
at java.base/jdk.internal.reflect.NativeMethodAccessorImpl.invoke0(Native Method)
at java.base/jdk.internal.reflect.NativeMethodAccessorImpl.invoke(NativeMethodAccessorImpl.java:77)
at java.base/jdk.internal.reflect.DelegatingMethodAccessorImpl.invoke(DelegatingMethodAccessorImpl.java:43)
at java.base/java.lang.reflect.Method.invoke(Method.java:568)
at org.testng.internal.invokers.MethodInvocationHelper.invokeMethod(MethodInvocationHelper.java:139)
at org.testng.internal.invokers.TestInvoker.invokeMethod(TestInvoker.java:677)
at org.testng.internal.invokers.TestInvoker.invokeTestMethod(TestInvoker.java:221)
at org.testng.internal.invokers.MethodRunner.runInSequence(MethodRunner.java:50)
at org.testng.internal.invokers.TestInvoker$MethodInvocationAgent.invoke(TestInvoker.java:969)
at org.testng.internal.invokers.TestInvoker.invokeTestMethods(TestInvoker.java:194)
at org.testng.internal.invokers.TestMethodWorker.invokeTestMethods(TestMethodWorker.java:148)
at org.testng.internal.invokers.TestMethodWorker.run(TestMethodWorker.java:128)
at java.base/java.util.ArrayList.forEach(ArrayList.java:1511)
at org.testng.TestRunner.privateRun(TestRunner.java:829)
at org.testng.TestRunner.run(TestRunner.java:602)
at org.testng.SuiteRunner.runTest(SuiteRunner.java:437)
at org.testng.SuiteRunner.runSequentially(SuiteRunner.java:431)
at org.testng.SuiteRunner.privateRun(SuiteRunner.java:391)
at org.testng.SuiteRunner.run(SuiteRunner.java:330)
at org.testng.SuiteRunnerWorker.runSuite(SuiteRunnerWorker.java:52)
at org.testng.SuiteRunnerWorker.run(SuiteRunnerWorker.java:95)
at org.testng.TestNG.runSuitesSequentially(TestNG.java:1256)
at org.testng.TestNG.runSuitesLocally(TestNG.java:1176)
at org.testng.TestNG.runSuites(TestNG.java:1099)
at org.testng.TestNG.run(TestNG.java:1067)
at org.testng.remote.AbstractRemoteTestNG.run(AbstractRemoteTestNG.java:115)
at org.testng.remote.RemoteTestNG.initAndRun(RemoteTestNG.java:251)
at org.testng.remote.RemoteTestNG.main(RemoteTestNG.java:77)
]]>
            </full-stacktrace>
          </exception> <!-- java.lang.AssertionError -->
          <reporter-output>
          </reporter-output>
        </test-method> <!-- test_login -->
        <test-method is-config="true" signature="teardown()[pri:0, instance:testCases.login.TC_002_LoginTest@58cbafc2]" started-at="2023-10-08T18:31:24 IST" name="teardown" finished-at="2023-10-08T18:31:25 IST" duration-ms="546" status="PASS">
          <reporter-output>
          </reporter-output>
        </test-method> <!-- teardown -->
      </class> <!-- testCases.login.TC_002_LoginTest -->
      <class name="testCases.search.TC_004_Search">
        <test-method is-config="true" signature="setup()[pri:0, instance:testCases.search.TC_004_Search@2034b64c]" started-at="2023-10-08T18:31:25 IST" name="setup" finished-at="2023-10-08T18:31:32 IST" duration-ms="7171" status="PASS">
          <reporter-output>
          </reporter-output>
        </test-method> <!-- setup -->
        <test-method signature="test_search()[pri:0, instance:testCases.search.TC_004_Search@2034b64c]" started-at="2023-10-08T18:31:32 IST" name="test_search" finished-at="2023-10-08T18:31:35 IST" duration-ms="3588" status="PASS">
          <reporter-output>
          </reporter-output>
        </test-method> <!-- test_search -->
        <test-method is-config="true" signature="teardown()[pri:0, instance:testCases.search.TC_004_Search@2034b64c]" started-at="2023-10-08T18:31:35 IST" name="teardown" finished-at="2023-10-08T18:31:36 IST" duration-ms="593" status="PASS">
          <reporter-output>
          </reporter-output>
        </test-method> <!-- teardown -->
      </class> <!-- testCases.search.TC_004_Search -->
    </test> <!-- OpencartTest -->
  </suite> <!-- OpenCartSuite -->
</testng-results>
